<?xml version="1.0" encoding="UTF-8"?>
<testsuite xmlns:xsi="http://www.w3.org/2001/XMLSchema-instance" xsi:schemaLocation="https://maven.apache.org/surefire/maven-surefire-plugin/xsd/surefire-test-report.xsd" name="TestSuite" time="1.872" tests="7" errors="0" skipped="4" failures="1">
  <properties>
[...]
</properties>
  <testcase name="startTime" classname="com.appium.model.StartExecution" time="0.047"/>
  <testcase name="startUp" classname="com.redbox.testscripts.FullFlow" time="1.116">
    <failure message="Could not start a new session. Possible causes are invalid address of the remote server or browser start-up failure.&#10;Build info: version: &apos;2.51.0&apos;, revision: &apos;1af067dbcaedd7d2ab9af5151fc471d363d97193&apos;, time: &apos;2016-02-05 11:20:57&apos;&#10;System info: host: &apos;elt-73.estblr.com&apos;, ip: &apos;172.16.18.73&apos;, os.name: &apos;Mac OS X&apos;, os.arch: &apos;x86_64&apos;, os.version: &apos;10.12.6&apos;, java.version: &apos;1.8.0_151&apos;&#10;Driver info: driver.version: IOSDriver" type="org.openqa.selenium.remote.UnreachableBrowserException">org.openqa.selenium.remote.UnreachableBrowserException: 
Could not start a new session. Possible causes are invalid address of the remote server or browser start-up failure.
Build info: version: '2.51.0', revision: '1af067dbcaedd7d2ab9af5151fc471d363d97193', time: '2016-02-05 11:20:57'
System info: host: 'elt-73.estblr.com', ip: '172.16.18.73', os.name: 'Mac OS X', os.arch: 'x86_64', os.version: '10.12.6', java.version: '1.8.0_151'
Driver info: driver.version: IOSDriver
	at com.redbox.testscripts.FullFlow.startUp(FullFlow.java:56)
Caused by: org.openqa.selenium.WebDriverException: 
org.apache.http.conn.HttpHostConnectException: Connect to 127.0.0.1:4723 [/127.0.0.1] failed: Connection refused (Connection refused)
Build info: version: '2.51.0', revision: '1af067dbcaedd7d2ab9af5151fc471d363d97193', time: '2016-02-05 11:20:57'
System info: host: 'elt-73.estblr.com', ip: '172.16.18.73', os.name: 'Mac OS X', os.arch: 'x86_64', os.version: '10.12.6', java.version: '1.8.0_151'
Driver info: driver.version: IOSDriver
	at com.redbox.testscripts.FullFlow.startUp(FullFlow.java:56)
Caused by: org.apache.http.conn.HttpHostConnectException: Connect to 127.0.0.1:4723 [/127.0.0.1] failed: Connection refused (Connection refused)
	at com.redbox.testscripts.FullFlow.startUp(FullFlow.java:56)
Caused by: java.net.ConnectException: Connection refused (Connection refused)
	at com.redbox.testscripts.FullFlow.startUp(FullFlow.java:56)
</failure>
    <system-out><![CDATA[Yes
]]></system-out>
    <system-err><![CDATA[Warning:  Property storage name for 5 is empty - setting to Root Entry
log4j:WARN No appenders could be found for logger (org.apache.http.client.protocol.RequestAddCookies).
log4j:WARN Please initialize the log4j system properly.
]]></system-err>
  </testcase>
  <testcase name="beforeTest" classname="com.redbox.testscripts.FullFlow" time="0">
    <skipped/>
  </testcase>
  <testcase name="launchApplication" classname="com.redbox.testscripts.FullFlow" time="0">
    <skipped/>
  </testcase>
  <testcase name="afterTest" classname="com.redbox.testscripts.FullFlow" time="0">
    <skipped/>
  </testcase>
  <testcase name="tearDown" classname="com.redbox.testscripts.FullFlow" time="0">
    <skipped/>
  </testcase>
  <testcase name="endTime" classname="com.appium.model.EndExecution" time="0.001"/>
</testsuite>